

Microchip Technology PIC LITE Macro Assembler V1.33 build 59893 
                                                                                               Tue Mar 31 17:28:21 2015

Microchip Technology Omniscient Code Generator (Lite mode) build 59893
     1                           	processor	16F628A
     2                           	opt	pw 120
     3                           	opt	lm
     4                           	psect	maintext,global,class=CODE,split=1,delta=2
     5                           	psect	cinit,global,class=CODE,merge=1,delta=2
     6                           	psect	cstackCOMMON,global,class=COMMON,space=1,delta=1
     7                           	dabs	1,0x7E,2
     8  0000                     	;# 
     9  0001                     	;# 
    10  0002                     	;# 
    11  0003                     	;# 
    12  0004                     	;# 
    13  0005                     	;# 
    14  0006                     	;# 
    15  000A                     	;# 
    16  000B                     	;# 
    17  000C                     	;# 
    18  000E                     	;# 
    19  000E                     	;# 
    20  000F                     	;# 
    21  0010                     	;# 
    22  0011                     	;# 
    23  0012                     	;# 
    24  0015                     	;# 
    25  0015                     	;# 
    26  0016                     	;# 
    27  0017                     	;# 
    28  0018                     	;# 
    29  0019                     	;# 
    30  001A                     	;# 
    31  001F                     	;# 
    32  0081                     	;# 
    33  0085                     	;# 
    34  0086                     	;# 
    35  008C                     	;# 
    36  008E                     	;# 
    37  0092                     	;# 
    38  0098                     	;# 
    39  0099                     	;# 
    40  009A                     	;# 
    41  009B                     	;# 
    42  009C                     	;# 
    43  009D                     	;# 
    44  009F                     	;# 
    45                           
    46                           	psect	maintext
    47  0000'                    __pmaintext:	
    48                           ; #config settings
    49                           
    50                           
    51                           ; 0 bytes @ 0x0
    52 ;;
    53 ;;Main: autosize = 0, tempsize = 0, incstack = 0, save=0
    54 ;;
    55 ;; *************** function _main *****************
    56 ;; Defined at:
    57 ;;		line 5 in file "main.c"
    58 ;; Parameters:    Size  Location     Type
    59 ;;		None
    60 ;; Auto vars:     Size  Location     Type
    61 ;;		None
    62 ;; Return value:  Size  Location     Type
    63 ;;		None               void
    64 ;; Registers used:
    65 ;;		wreg, fsr0l, fsr0h, fsr1l, fsr1h, fsr1l, fsr1h, status,2, status,0, btemp+1, pclath, cstack
    66 ;; Tracked objects:
    67 ;;		On entry : 17F/0
    68 ;;		On exit  : 0/0
    69 ;;		Unchanged: 0/0
    70 ;; Data sizes:     COMMON   BANK0   BANK1   BANK2
    71 ;;      Params:         0       0       0       0
    72 ;;      Locals:         0       0       0       0
    73 ;;      Temps:          0       0       0       0
    74 ;;      Totals:         0       0       0       0
    75 ;;Total ram usage:        0 bytes
    76 ;; Hardware stack levels required when called:    1
    77 ;; This function calls:
    78 ;;		_UART_init
    79 ;; This function is called by:
    80 ;;		Startup code after reset
    81 ;; This function uses a non-reentrant model
    82 ;;
    83  0000'                    _main:	
    84                           
    85                           ;main.c: 7: UART_init();
    86                           
    87                           ;incstack = 0
    88                           ; Regs used in _main: [allreg]
    89  0000' 2000'              	fcall	_UART_init
    90  0001' 2800'              	ljmp	start
    91  0002'                    __end_of_main:	
    92  007E                     btemp	set	126	;btemp
    93  007E                     wtemp	set	126
    94  007E                     wtemp0	set	126
    95  0080                     wtemp1	set	128
    96  0082                     wtemp2	set	130
    97  0084                     wtemp3	set	132
    98  0086                     wtemp4	set	134
    99  0088                     wtemp5	set	136
   100  007F                     wtemp6	set	127
   101  007E                     ttemp	set	126
   102  007E                     ttemp0	set	126
   103  0081                     ttemp1	set	129
   104  0084                     ttemp2	set	132
   105  0087                     ttemp3	set	135
   106  007F                     ttemp4	set	127
   107  007E                     ltemp	set	126
   108  007E                     ltemp0	set	126
   109  0082                     ltemp1	set	130
   110  0086                     ltemp2	set	134
   111  0080                     ltemp3	set	128
   112                           
   113                           	psect	cinit
   114  0000'                    start_initialization:	
   115                           ;psect for function _main
   116                           
   117  0000'                    __initialization:	
   118  0000'                    end_of_initialization:	
   119                           ;End of C runtime variable initialization code
   120                           
   121  0000'                    __end_of__initialization:	
   122  0000' 0183               	clrf	3
   123  0001' 2800'              	ljmp	_main	;jump to C main() function
   124                           
   125                           	psect	cstackCOMMON
   126  0000'                    __pcstackCOMMON:	
   127  0000'                    ?_UART_init:	
   128  0000'                    ??_UART_init:	
   129                           ; 0 bytes @ 0x0
   130                           
   131  0000'                    ?_main:	
   132                           ; 0 bytes @ 0x0
   133                           
   134  0000'                    ??_main:	
   135                           ; 0 bytes @ 0x0
   136                           


Data Sizes:
    Strings     0
    Constant    0
    Data        0
    BSS         0
    Persistent  0
    Stack       0

Auto Spaces:
    Space          Size  Autos    Used
    COMMON           14      0       0
    BANK0            80      0       0
    BANK1            80      0       0
    BANK2            48      0       0

Pointer List with Targets:

    None.

Critical Paths under _main in COMMON

    None.

Critical Paths under _main in BANK0

    None.

Critical Paths under _main in BANK1

    None.

Critical Paths under _main in BANK2

    None.

Call Graph Tables:

 ---------------------------------------------------------------------------------
 (Depth) Function   	        Calls       Base Space   Used Autos Params    Refs
 ---------------------------------------------------------------------------------
 (0) _main                                                 0     0      0       0
                          _UART_init
 ---------------------------------------------------------------------------------
 (1) _UART_init                                            0     0      0       0
 ---------------------------------------------------------------------------------
 Estimated maximum stack depth 1
 ---------------------------------------------------------------------------------

 Call Graph Graphs:

 _main (ROOT)
   _UART_init

 Address spaces:
Name               Size   Autos  Total    Cost      Usage
BITCOMMON            E      0       0       0        0.0%
EEDATA              80      0       0       0        0.0%
NULL                 0      0       0       0        0.0%
CODE                 0      0       0       0        0.0%
COMMON               E      0       0       1        0.0%
BITSFR0              0      0       0       1        0.0%
SFR0                 0      0       0       1        0.0%
BITSFR1              0      0       0       2        0.0%
SFR1                 0      0       0       2        0.0%
STACK                0      0       0       2        0.0%
BANK0               50      0       0       3        0.0%
BITSFR3              0      0       0       4        0.0%
SFR3                 0      0       0       4        0.0%
ABS                  0      0       0       4        0.0%
BITBANK0            50      0       0       5        0.0%
BITSFR2              0      0       0       5        0.0%
SFR2                 0      0       0       5        0.0%
BITBANK1            50      0       0       6        0.0%
BANK1               50      0       0       7        0.0%
BITBANK2            30      0       0       8        0.0%
BANK2               30      0       0       9        0.0%
DATA                 0      0       0      10        0.0%


Microchip Technology PIC Macro Assembler V1.33 build 59893 
Symbol Table                                                                                   Tue Mar 31 17:28:21 2015

                   _main 0000                     btemp 007E                     ltemp 007E  
                   start 0000*                    ttemp 007E                     wtemp 007E  
                  ?_main 0000                    ltemp0 007E                    ltemp1 0082  
                  ltemp2 0086                    ltemp3 0080                    ttemp0 007E  
                  ttemp1 0081                    ttemp2 0084                    ttemp3 0087  
                  ttemp4 007F                    status 0003                    wtemp0 007E  
                  wtemp1 0080                    wtemp2 0082                    wtemp3 0084  
                  wtemp4 0086                    wtemp5 0088                    wtemp6 007F  
        __initialization 0000             __end_of_main 0002                   ??_main 0000  
__end_of__initialization 0000           __pcstackCOMMON 0000               __pmaintext 0000  
   end_of_initialization 0000                _UART_init 0000*              ?_UART_init 0000  
    start_initialization 0000                ___latbits 0000              ??_UART_init 0000  
          __size_of_main 0002  
