

Microchip Technology PIC LITE Macro Assembler V1.33 build 59893 
                                                                                               Sat Apr 11 08:16:48 2015

Microchip Technology Omniscient Code Generator (Lite mode) build 59893
     1                           	processor	16F628A
     2                           	opt	pw 120
     3                           	opt	lm
     4                           	psect	maintext,global,class=CODE,split=1,delta=2
     5                           	psect	cinit,global,class=CODE,merge=1,delta=2
     6                           	psect	cstackCOMMON,global,class=COMMON,space=1,delta=1
     7                           	dabs	1,0x7E,2
     8  0000                     	;# 
     9  0001                     	;# 
    10  0002                     	;# 
    11  0003                     	;# 
    12  0004                     	;# 
    13  0005                     	;# 
    14  0006                     	;# 
    15  000A                     	;# 
    16  000B                     	;# 
    17  000C                     	;# 
    18  000E                     	;# 
    19  000E                     	;# 
    20  000F                     	;# 
    21  0010                     	;# 
    22  0011                     	;# 
    23  0012                     	;# 
    24  0015                     	;# 
    25  0015                     	;# 
    26  0016                     	;# 
    27  0017                     	;# 
    28  0018                     	;# 
    29  0019                     	;# 
    30  001A                     	;# 
    31  001F                     	;# 
    32  0081                     	;# 
    33  0085                     	;# 
    34  0086                     	;# 
    35  008C                     	;# 
    36  008E                     	;# 
    37  0092                     	;# 
    38  0098                     	;# 
    39  0099                     	;# 
    40  009A                     	;# 
    41  009B                     	;# 
    42  009C                     	;# 
    43  009D                     	;# 
    44  009F                     	;# 
    45  0006                     _PORTBbits	set	6
    46  0086                     _TRISB	set	134
    47                           
    48                           	psect	maintext
    49  07D0                     __pmaintext:	
    50                           ; #config settings
    51                           
    52                           
    53                           ;psect for function _main
    54  0000                     
    55 ;;
    56 ;;Main: autosize = 0, tempsize = 2, incstack = 0, save=0
    57 ;;
    58 ;; *************** function _main *****************
    59 ;; Defined at:
    60 ;;		line 16 in file "main.c"
    61 ;; Parameters:    Size  Location     Type
    62 ;;		None
    63 ;; Auto vars:     Size  Location     Type
    64 ;;  i               2    2[COMMON] int 
    65 ;; Return value:  Size  Location     Type
    66 ;;		None               void
    67 ;; Registers used:
    68 ;;		wreg, status,2, status,0, btemp+1
    69 ;; Tracked objects:
    70 ;;		On entry : 17F/0
    71 ;;		On exit  : 0/0
    72 ;;		Unchanged: 0/0
    73 ;; Data sizes:     COMMON   BANK0   BANK1   BANK2
    74 ;;      Params:         0       0       0       0
    75 ;;      Locals:         2       0       0       0
    76 ;;      Temps:          2       0       0       0
    77 ;;      Totals:         4       0       0       0
    78 ;;Total ram usage:        4 bytes
    79 ;; This function calls:
    80 ;;		Nothing
    81 ;; This function is called by:
    82 ;;		Startup code after reset
    83 ;; This function uses a non-reentrant model
    84 ;;
    85  07D0                     _main:	
    86                           
    87                           ;main.c: 18: TRISB = 0;
    88                           
    89                           ;incstack = 0
    90                           ; Regs used in _main: [wreg+status,2+status,0+btemp+1]
    91  07D0  1683               	bsf	3,5	;RP0=1, select bank1
    92  07D1  1303               	bcf	3,6	;RP1=0, select bank1
    93  07D2  0186               	clrf	6	;volatile
    94  07D3                     l477:	
    95                           ;main.c: 19: while(1)
    96                           
    97                           
    98                           ;main.c: 20: {
    99                           ;main.c: 21: PORTBbits.RB3 = ~PORTBbits.RB3;
   100  07D3  1003               	clrc
   101  07D4  1283               	bcf	3,5	;RP0=0, select bank0
   102  07D5  1303               	bcf	3,6	;RP1=0, select bank0
   103  07D6  1D86               	btfss	6,3	;volatile
   104  07D7  1403               	setc
   105  07D8  1C03               	btfss	3,0
   106  07D9  2FDE               	goto	u10
   107  07DA  1283               	bcf	3,5	;RP0=0, select bank0
   108  07DB  1303               	bcf	3,6	;RP1=0, select bank0
   109  07DC  1586               	bsf	6,3	;volatile
   110  07DD  2FE1               	goto	l479
   111  07DE                     u10:	
   112  07DE  1283               	bcf	3,5	;RP0=0, select bank0
   113  07DF  1303               	bcf	3,6	;RP1=0, select bank0
   114  07E0  1186               	bcf	6,3	;volatile
   115  07E1                     l479:	
   116                           
   117                           ;main.c: 22: for(int i=0;i<10;i++)_delay((unsigned long)((100)*(4000000/4000.0)));
   118  07E1  01F2               	clrf	main@i
   119  07E2  01F3               	clrf	main@i+1
   120  07E3                     L1:	
   121  07E3  0873               	movf	main@i+1,w
   122  07E4  3A80               	xorlw	128
   123  07E5  00FF               	movwf	127
   124  07E6  3080               	movlw	128
   125  07E7  027F               	subwf	127,w
   126  07E8  1D03               	skipz
   127  07E9  2FEC               	goto	u35
   128  07EA  300A               	movlw	10
   129  07EB  0272               	subwf	main@i,w
   130  07EC                     u35:	
   131  07EC  1803               	btfsc	3,0
   132  07ED  2FD3               	goto	l477
   133  07EE  3082               	movlw	130
   134  07EF  00F1               	movwf	??_main+1
   135  07F0  30DD               	movlw	221
   136  07F1  00F0               	movwf	??_main
   137  07F2                     u57:	
   138  07F2  0BF0               	decfsz	??_main,f
   139  07F3  2FF2               	goto	u57
   140  07F4  0BF1               	decfsz	??_main+1,f
   141  07F5  2FF2               	goto	u57
   142  07F6  2FF7               	nop2
   143  07F7  3001               	movlw	1
   144  07F8  07F2               	addwf	main@i,f
   145  07F9  1803               	skipnc
   146  07FA  0AF3               	incf	main@i+1,f
   147  07FB  3000               	movlw	0
   148  07FC  07F3               	addwf	main@i+1,f
   149  07FD  2FE3               	goto	L1
   150  07FE                     __end_of_main:	
   151  007E                     btemp	set	126	;btemp
   152  007E                     wtemp	set	126
   153  007E                     wtemp0	set	126
   154  0080                     wtemp1	set	128
   155  0082                     wtemp2	set	130
   156  0084                     wtemp3	set	132
   157  0086                     wtemp4	set	134
   158  0088                     wtemp5	set	136
   159  007F                     wtemp6	set	127
   160  007E                     ttemp	set	126
   161  007E                     ttemp0	set	126
   162  0081                     ttemp1	set	129
   163  0084                     ttemp2	set	132
   164  0087                     ttemp3	set	135
   165  007F                     ttemp4	set	127
   166  007E                     ltemp	set	126
   167  007E                     ltemp0	set	126
   168  0082                     ltemp1	set	130
   169  0086                     ltemp2	set	134
   170  0080                     ltemp3	set	128
   171                           
   172                           	psect	cinit
   173  07FE                     start_initialization:	
   174  07FE                     __initialization:	
   175  07FE                     end_of_initialization:	
   176                           ;End of C runtime variable initialization code
   177                           
   178  07FE                     __end_of__initialization:	
   179  07FE  0183               	clrf	3
   180  07FF  2FD0               	ljmp	_main	;jump to C main() function
   181                           
   182                           	psect	cstackCOMMON
   183  0070                     __pcstackCOMMON:	
   184  0070                     ?_main:	
   185  0070                     ??_main:	
   186                           ; 0 bytes @ 0x0
   187                           
   188                           
   189                           ; 0 bytes @ 0x0
   190  0070                     	ds	2
   191  0072                     main@i:	
   192                           
   193                           ; 2 bytes @ 0x2
   194  0072                     	ds	2


Data Sizes:
    Strings     0
    Constant    0
    Data        0
    BSS         0
    Persistent  0
    Stack       0

Auto Spaces:
    Space          Size  Autos    Used
    COMMON           14      4       4
    BANK0            80      0       0
    BANK1            80      0       0
    BANK2            48      0       0

Pointer List with Targets:

    None.

Critical Paths under _main in COMMON

    None.

Critical Paths under _main in BANK0

    None.

Critical Paths under _main in BANK1

    None.

Critical Paths under _main in BANK2

    None.

Call Graph Tables:

 ---------------------------------------------------------------------------------
 (Depth) Function   	        Calls       Base Space   Used Autos Params    Refs
 ---------------------------------------------------------------------------------
 (0) _main                                                 4     4      0      30
                                              0 COMMON     4     4      0
 ---------------------------------------------------------------------------------
 Estimated maximum stack depth 0
 ---------------------------------------------------------------------------------

 Call Graph Graphs:

 _main (ROOT)

 Address spaces:
Name               Size   Autos  Total    Cost      Usage
BITCOMMON            E      0       0       0        0.0%
EEDATA              80      0       0       0        0.0%
NULL                 0      0       0       0        0.0%
CODE                 0      0       0       0        0.0%
COMMON               E      4       4       1       28.6%
BITSFR0              0      0       0       1        0.0%
SFR0                 0      0       0       1        0.0%
BITSFR1              0      0       0       2        0.0%
SFR1                 0      0       0       2        0.0%
STACK                0      0       0       2        0.0%
BANK0               50      0       0       3        0.0%
BITSFR3              0      0       0       4        0.0%
SFR3                 0      0       0       4        0.0%
ABS                  0      0       0       4        0.0%
BITBANK0            50      0       0       5        0.0%
BITSFR2              0      0       0       5        0.0%
SFR2                 0      0       0       5        0.0%
BITBANK1            50      0       0       6        0.0%
BANK1               50      0       0       7        0.0%
BITBANK2            30      0       0       8        0.0%
BANK2               30      0       0       9        0.0%
DATA                 0      0       0      10        0.0%


Microchip Technology PIC Macro Assembler V1.33 build 59893 
Symbol Table                                                                                   Sat Apr 11 08:16:48 2015

            __CFG_CP$OFF 0000                       u10 07DE                       u35 07EC  
                     u57 07F2              __CFG_LVP$ON 0000                      l477 07D3  
                    l479 07E1             __CFG_CPD$OFF 0000                     _main 07D0  
                   btemp 007E            __CFG_BOREN$ON 0000                     ltemp 007E  
                   start 0000                     ttemp 007E                     wtemp 007E  
                  ?_main 0070            __CFG_WDTE$OFF 0000                    _TRISB 0086  
                  main@i 0072                    ltemp0 007E                    ltemp1 0082  
                  ltemp2 0086                    ltemp3 0080                    ttemp0 007E  
                  ttemp1 0081                    ttemp2 0084                    ttemp3 0087  
                  ttemp4 007F                    status 0003                    wtemp0 007E  
                  wtemp1 0080                    wtemp2 0082                    wtemp3 0084  
                  wtemp4 0086                    wtemp5 0088                    wtemp6 007F  
         __CFG_MCLRE$OFF 0000          __initialization 07FE             __end_of_main 07FE  
                 ??_main 0070           __CFG_PWRTE$OFF 0000  __end_of__initialization 07FE  
         __pcstackCOMMON 0070               __pmaintext 07D0     end_of_initialization 07FE  
              _PORTBbits 0006      start_initialization 07FE                ___latbits 0000  
          __size_of_main 002E       __CFG_FOSC$INTOSCIO 0000  
